This file contains any messages produced by compilers while
running configure, to aid debugging if configure makes a mistake.

It was created by hypre configure 2.11.2, which was
generated by GNU Autoconf 2.69.  Invocation command line was

  $ ./configure --disable-fortran

## --------- ##
## Platform. ##
## --------- ##

hostname = kp307
uname -m = x86_64
uname -r = 3.10.0-957.1.3.el7.x86_64
uname -s = Linux
uname -v = #1 SMP Thu Nov 29 14:49:43 UTC 2018

/usr/bin/uname -p = x86_64
/bin/uname -X     = unknown

/bin/arch              = x86_64
/usr/bin/arch -k       = unknown
/usr/convex/getsysinfo = unknown
/usr/bin/hostinfo      = unknown
/bin/machine           = unknown
/usr/bin/oslevel       = unknown
/bin/universe          = unknown

PATH: /uufs/chpc.utah.edu/common/home/u0692013/pearc_tutorial/FLiT/scripts/flitcli
PATH: /uufs/chpc.utah.edu/sys/installdir/openmpi/4.0.0g81/bin
PATH: /uufs/chpc.utah.edu/sys/installdir/llvm/8.0.0/bin
PATH: /uufs/chpc.utah.edu/sys/installdir/gcc/8.1.0/bin
PATH: /uufs/chpc.utah.edu/sys/installdir/python/3.5.2-c7/bin
PATH: /usr/lib64/qt-3.3/bin
PATH: /usr/kerberos/sbin
PATH: /usr/kerberos/bin
PATH: /usr/lib64/ccache
PATH: /usr/local/bin
PATH: /usr/bin
PATH: /usr/local/sbin
PATH: /usr/sbin
PATH: /uufs/kingspeak.peaks/sys/pkg/slurm/std/bin
PATH: /opt/dell/srvadmin/bin
PATH: /uufs/chpc.utah.edu/common/home/u0692013/bin


## ----------- ##
## Core tests. ##
## ----------- ##

configure:2337: checking build system type
configure:2351: result: x86_64-pc-linux-gnu
configure:2375: checking host system type
configure:2388: result: x86_64-pc-linux-gnu
configure:3330: checking for mpxlc
configure:3360: result: no
configure:3330: checking for mpixlc
configure:3360: result: no
configure:3330: checking for mpiicc
configure:3360: result: no
configure:3330: checking for mpicc
configure:3346: found /uufs/chpc.utah.edu/sys/installdir/openmpi/4.0.0g81/bin/mpicc
configure:3357: result: mpicc
configure:3519: checking for mpxlC
configure:3549: result: no
configure:3519: checking for mpixlcxx
configure:3549: result: no
configure:3519: checking for mpiicpc
configure:3549: result: no
configure:3519: checking for mpiCC
configure:3535: found /uufs/chpc.utah.edu/sys/installdir/openmpi/4.0.0g81/bin/mpiCC
configure:3546: result: mpiCC
configure:3755: checking whether make sets $(MAKE)
configure:3777: result: yes
configure:3829: checking for ranlib
configure:3845: found /usr/bin/ranlib
configure:3856: result: ranlib
configure:4185: checking for C compiler version
configure:4194: mpicc --version >&5
gcc (GCC) 8.1.0
Copyright (C) 2018 Free Software Foundation, Inc.
This is free software; see the source for copying conditions.  There is NO
warranty; not even for MERCHANTABILITY or FITNESS FOR A PARTICULAR PURPOSE.

configure:4205: $? = 0
configure:4194: mpicc -v >&5
Using built-in specs.
COLLECT_GCC=/uufs/chpc.utah.edu/sys/installdir/gcc/8.1.0/bin/gcc
COLLECT_LTO_WRAPPER=/uufs/chpc.utah.edu/sys/installdir/gcc/8.1.0/libexec/gcc/x86_64-pc-linux-gnu/8.1.0/lto-wrapper
Target: x86_64-pc-linux-gnu
Configured with: ../../../srcdir/gcc/8.1.0/configure --prefix=/uufs/chpc.utah.edu/sys/installdir/gcc/8.1.0 --with-gmp=/uufs/chpc.utah.edu/sys/installdir/gmp/6.1.0-g4.8.5-c7 --with-mpfr=/uufs/chpc.utah.edu/sys/installdir/mpfr/3.1.4-g4.8.5-c7 --with-mpc=/uufs/chpc.utah.edu/sys/installdir/mpc/1.0.3g-c7 --with-isl=/uufs/chpc.utah.edu/sys/installdir/isl/0.17g-c7 --enable-libada
Thread model: posix
gcc version 8.1.0 (GCC) 
configure:4205: $? = 0
configure:4194: mpicc -V >&5
gcc: error: unrecognized command line option '-V'
gcc: fatal error: no input files
compilation terminated.
configure:4205: $? = 1
configure:4194: mpicc -qversion >&5
gcc: error: unrecognized command line option '-qversion'; did you mean '--version'?
gcc: fatal error: no input files
compilation terminated.
configure:4205: $? = 1
configure:4225: checking whether the C compiler works
configure:4247: mpicc    conftest.c  >&5
configure:4251: $? = 0
configure:4299: result: yes
configure:4302: checking for C compiler default output file name
configure:4304: result: a.out
configure:4310: checking for suffix of executables
configure:4317: mpicc -o conftest    conftest.c  >&5
configure:4321: $? = 0
configure:4343: result: 
configure:4365: checking whether we are cross compiling
configure:4373: mpicc -o conftest    conftest.c  >&5
configure:4377: $? = 0
configure:4384: ./conftest
configure:4388: $? = 0
configure:4403: result: no
configure:4408: checking for suffix of object files
configure:4430: mpicc -c   conftest.c >&5
configure:4434: $? = 0
configure:4455: result: o
configure:4459: checking whether we are using the GNU C compiler
configure:4478: mpicc -c   conftest.c >&5
configure:4478: $? = 0
configure:4487: result: yes
configure:4496: checking whether mpicc accepts -g
configure:4516: mpicc -c -g  conftest.c >&5
configure:4516: $? = 0
configure:4557: result: yes
configure:4574: checking for mpicc option to accept ISO C89
configure:4637: mpicc  -c -g -O2  conftest.c >&5
configure:4637: $? = 0
configure:4650: result: none needed
configure:4786: checking for C++ compiler version
configure:4795: mpiCC --version >&5
g++ (GCC) 8.1.0
Copyright (C) 2018 Free Software Foundation, Inc.
This is free software; see the source for copying conditions.  There is NO
warranty; not even for MERCHANTABILITY or FITNESS FOR A PARTICULAR PURPOSE.

configure:4806: $? = 0
configure:4795: mpiCC -v >&5
Using built-in specs.
COLLECT_GCC=/uufs/chpc.utah.edu/sys/installdir/gcc/8.1.0/bin/g++
COLLECT_LTO_WRAPPER=/uufs/chpc.utah.edu/sys/installdir/gcc/8.1.0/libexec/gcc/x86_64-pc-linux-gnu/8.1.0/lto-wrapper
Target: x86_64-pc-linux-gnu
Configured with: ../../../srcdir/gcc/8.1.0/configure --prefix=/uufs/chpc.utah.edu/sys/installdir/gcc/8.1.0 --with-gmp=/uufs/chpc.utah.edu/sys/installdir/gmp/6.1.0-g4.8.5-c7 --with-mpfr=/uufs/chpc.utah.edu/sys/installdir/mpfr/3.1.4-g4.8.5-c7 --with-mpc=/uufs/chpc.utah.edu/sys/installdir/mpc/1.0.3g-c7 --with-isl=/uufs/chpc.utah.edu/sys/installdir/isl/0.17g-c7 --enable-libada
Thread model: posix
gcc version 8.1.0 (GCC) 
configure:4806: $? = 0
configure:4795: mpiCC -V >&5
g++: error: unrecognized command line option '-V'
g++: fatal error: no input files
compilation terminated.
configure:4806: $? = 1
configure:4795: mpiCC -qversion >&5
g++: error: unrecognized command line option '-qversion'; did you mean '--version'?
g++: fatal error: no input files
compilation terminated.
configure:4806: $? = 1
configure:4810: checking whether we are using the GNU C++ compiler
configure:4829: mpiCC -c   conftest.cpp >&5
configure:4829: $? = 0
configure:4838: result: yes
configure:4847: checking whether mpiCC accepts -g
configure:4867: mpiCC -c -g  conftest.cpp >&5
configure:4867: $? = 0
configure:4908: result: yes
configure:5842: checking for MPI_Init
configure:5842: mpicc -o conftest -g -O2   conftest.c  >&5
configure:5842: $? = 0
configure:5842: result: yes
configure:5952: checking for mpi.h
configure:5973: mpicc -c -g -O2  conftest.c >&5
configure:5973: $? = 0
configure:5974: result: yes
configure:6000: checking for MPI_Comm_f2c
configure:6000: mpicc -o conftest -g -O2   conftest.c    >&5
configure:6000: $? = 0
configure:6000: result: yes
configure:6014: checking how to run the C preprocessor
configure:6045: mpicc -E  conftest.c
configure:6045: $? = 0
configure:6059: mpicc -E  conftest.c
conftest.c:20:10: fatal error: ac_nonexistent.h: No such file or directory
 #include <ac_nonexistent.h>
          ^~~~~~~~~~~~~~~~~~
compilation terminated.
configure:6059: $? = 1
configure: failed program was:
| /* confdefs.h */
| #define PACKAGE_NAME "hypre"
| #define PACKAGE_TARNAME "hypre"
| #define PACKAGE_VERSION "2.11.2"
| #define PACKAGE_STRING "hypre 2.11.2"
| #define PACKAGE_BUGREPORT ""
| #define PACKAGE_URL ""
| #define HYPRE_RELEASE_NAME "hypre"
| #define HYPRE_RELEASE_VERSION "2.11.2"
| #define HYPRE_RELEASE_DATE "2017/03/13"
| #define HYPRE_RELEASE_TIME "00:00:00"
| #define HYPRE_RELEASE_BUGS "hypre-support@llnl.gov"
| #define HYPRE_MAXDIM 3
| #define HYPRE_FMANGLE 0
| #define HYPRE_FMANGLE_BLAS 0
| #define HYPRE_FMANGLE_LAPACK 0
| #define HYPRE_HAVE_MPI 1
| #define HAVE_MPI_COMM_F2C 1
| /* end confdefs.h.  */
| #include <ac_nonexistent.h>
configure:6084: result: mpicc -E
configure:6104: mpicc -E  conftest.c
configure:6104: $? = 0
configure:6118: mpicc -E  conftest.c
conftest.c:20:10: fatal error: ac_nonexistent.h: No such file or directory
 #include <ac_nonexistent.h>
          ^~~~~~~~~~~~~~~~~~
compilation terminated.
configure:6118: $? = 1
configure: failed program was:
| /* confdefs.h */
| #define PACKAGE_NAME "hypre"
| #define PACKAGE_TARNAME "hypre"
| #define PACKAGE_VERSION "2.11.2"
| #define PACKAGE_STRING "hypre 2.11.2"
| #define PACKAGE_BUGREPORT ""
| #define PACKAGE_URL ""
| #define HYPRE_RELEASE_NAME "hypre"
| #define HYPRE_RELEASE_VERSION "2.11.2"
| #define HYPRE_RELEASE_DATE "2017/03/13"
| #define HYPRE_RELEASE_TIME "00:00:00"
| #define HYPRE_RELEASE_BUGS "hypre-support@llnl.gov"
| #define HYPRE_MAXDIM 3
| #define HYPRE_FMANGLE 0
| #define HYPRE_FMANGLE_BLAS 0
| #define HYPRE_FMANGLE_LAPACK 0
| #define HYPRE_HAVE_MPI 1
| #define HAVE_MPI_COMM_F2C 1
| /* end confdefs.h.  */
| #include <ac_nonexistent.h>
configure:6147: checking for grep that handles long lines and -e
configure:6205: result: /usr/bin/grep
configure:6210: checking for egrep
configure:6272: result: /usr/bin/grep -E
configure:6277: checking whether MPI_Comm_f2c is a macro
configure:6299: result: no
configure:6752: checking for __gxx_personality_v0 in -lstdc++
configure:6785: mpicc -o conftest -g -O2   conftest.c -lstdc++     >&5
configure:6785: $? = 0
configure:6794: result: yes
configure:7107: checking for cabs in -lm
configure:7140: mpicc -o conftest -O2   conftest.c -lm     -lstdc++ >&5
conftest.c:31:6: warning: conflicting types for built-in function 'cabs' [-Wbuiltin-declaration-mismatch]
 char cabs ();
      ^~~~
configure:7140: $? = 0
configure:7149: result: yes
configure:7243: checking the hostname
configure:7254: result: kp307
configure:7258: checking the architecture
configure:7289: result: LINUX
configure:7530: creating ./config.status

## ---------------------- ##
## Running config.status. ##
## ---------------------- ##

This file was extended by hypre config.status 2.11.2, which was
generated by GNU Autoconf 2.69.  Invocation command line was

  CONFIG_FILES    = 
  CONFIG_HEADERS  = 
  CONFIG_LINKS    = 
  CONFIG_COMMANDS = 
  $ ./config.status 

on kp307

config.status:868: creating config/Makefile.config
config.status:868: creating HYPRE_config.h

## ---------------- ##
## Cache variables. ##
## ---------------- ##

ac_cv_build=x86_64-pc-linux-gnu
ac_cv_c_compiler_gnu=yes
ac_cv_cxx_compiler_gnu=yes
ac_cv_env_CCC_set=
ac_cv_env_CCC_value=
ac_cv_env_CC_set=
ac_cv_env_CC_value=
ac_cv_env_CFLAGS_set=
ac_cv_env_CFLAGS_value=
ac_cv_env_CPPFLAGS_set=
ac_cv_env_CPPFLAGS_value=
ac_cv_env_CPP_set=
ac_cv_env_CPP_value=
ac_cv_env_CXXFLAGS_set=
ac_cv_env_CXXFLAGS_value=
ac_cv_env_CXX_set=
ac_cv_env_CXX_value=
ac_cv_env_FCFLAGS_set=
ac_cv_env_FCFLAGS_value=
ac_cv_env_FC_set=
ac_cv_env_FC_value=
ac_cv_env_LDFLAGS_set=
ac_cv_env_LDFLAGS_value=
ac_cv_env_LIBS_set=
ac_cv_env_LIBS_value=
ac_cv_env_build_alias_set=
ac_cv_env_build_alias_value=
ac_cv_env_host_alias_set=
ac_cv_env_host_alias_value=
ac_cv_env_target_alias_set=
ac_cv_env_target_alias_value=
ac_cv_func_MPI_Comm_f2c=yes
ac_cv_func_MPI_Init=yes
ac_cv_host=x86_64-pc-linux-gnu
ac_cv_lib_m_cabs=yes
ac_cv_lib_stdcpp___gxx_personality_v0=yes
ac_cv_objext=o
ac_cv_path_EGREP='/usr/bin/grep -E'
ac_cv_path_GREP=/usr/bin/grep
ac_cv_prog_CC=mpicc
ac_cv_prog_CPP='mpicc -E'
ac_cv_prog_CXX=mpiCC
ac_cv_prog_ac_ct_RANLIB=ranlib
ac_cv_prog_cc_c89=
ac_cv_prog_cc_g=yes
ac_cv_prog_cxx_g=yes
ac_cv_prog_make_make_set=yes
hypre_cv_func_MPI_Comm_f2c_macro=no

## ----------------- ##
## Output variables. ##
## ----------------- ##

AR='ar -rcu'
BLASLIBDIRS=''
BLASLIBS=''
BUILD_CC_SHARED=''
BUILD_CXX_SHARED=''
BUILD_FC_SHARED=''
BUILD_JAVA='0'
BUILD_PYTHON='0'
CALIPER_INCLUDE=''
CALIPER_LIBS=''
CC='mpicc'
CFLAGS='-O2'
CPP='mpicc -E'
CPPFLAGS=''
CXX='mpiCC'
CXXFLAGS='-O2'
DEFS='-DHAVE_CONFIG_H'
ECHO_C=''
ECHO_N='-n'
ECHO_T=''
EGREP='/usr/bin/grep -E'
EXEEXT=''
FC=''
FCFLAGS=''
FCLIBS=''
FFLAGS='-O'
FLIBS=''
GREP='/usr/bin/grep'
HOSTNAME='kp307'
HYPRE_ARCH='LINUX'
HYPRE_BLAS_FILES='/uufs/chpc.utah.edu/common/home/u0692013/pearc_tutorial/hypre-2.10.0b/src/blas/*.o'
HYPRE_BLAS_SRC_DIR='/uufs/chpc.utah.edu/common/home/u0692013/pearc_tutorial/hypre-2.10.0b/src/blas'
HYPRE_BUGS='hypre-support@llnl.gov'
HYPRE_DATE='2017/03/13'
HYPRE_FEI_BASE_DIR='/uufs/chpc.utah.edu/common/home/u0692013/pearc_tutorial/hypre-2.10.0b/src/FEI_mv/fei-base'
HYPRE_FEI_FEMLI_FILES='/uufs/chpc.utah.edu/common/home/u0692013/pearc_tutorial/hypre-2.10.0b/src/FEI_mv/femli/*.o'
HYPRE_FEI_HYPRE_FILES='/uufs/chpc.utah.edu/common/home/u0692013/pearc_tutorial/hypre-2.10.0b/src/FEI_mv/fei-hypre/*.o'
HYPRE_FEI_SRC_DIR='/uufs/chpc.utah.edu/common/home/u0692013/pearc_tutorial/hypre-2.10.0b/src/FEI_mv'
HYPRE_FEI_SUBDIRS='femli SuperLU fei-hypre'
HYPRE_FEI_SUPERLU_FILES='/uufs/chpc.utah.edu/common/home/u0692013/pearc_tutorial/hypre-2.10.0b/src/FEI_mv/SuperLU/SRC/*.o'
HYPRE_INCINSTALL='${prefix}/include'
HYPRE_INSTALLDIR='NONE'
HYPRE_LAPACK_FILES='/uufs/chpc.utah.edu/common/home/u0692013/pearc_tutorial/hypre-2.10.0b/src/lapack/*.o'
HYPRE_LAPACK_SRC_DIR='/uufs/chpc.utah.edu/common/home/u0692013/pearc_tutorial/hypre-2.10.0b/src/lapack'
HYPRE_LIBINSTALL='${exec_prefix}/lib'
HYPRE_LIBSUFFIX='.a'
HYPRE_NAME='hypre'
HYPRE_SRCDIR='/uufs/chpc.utah.edu/common/home/u0692013/pearc_tutorial/hypre-2.10.0b/src'
HYPRE_TIME='00:00:00'
HYPRE_VERSION='2.11.2'
LAPACKLIBDIRS=''
LAPACKLIBS=''
LDFLAGS=''
LIBOBJS=''
LIBS='   -lstdc++ -lm'
LINK_CC='mpicc'
LINK_CXX='mpiCC'
LINK_FC=''
LTLIBOBJS=''
MPIFLAGS=''
MPIINCLUDE=''
MPILIBDIRS=''
MPILIBS=' '
OBJEXT='o'
PACKAGE_BUGREPORT=''
PACKAGE_NAME=''
PACKAGE_STRING=''
PACKAGE_TARNAME=''
PACKAGE_URL=''
PACKAGE_VERSION=''
PATH_SEPARATOR=':'
PYTHON=''
RANLIB='ranlib'
SET_MAKE=''
SHARED_BUILD_FLAG=''
SHARED_COMPILE_FLAG=''
SHARED_OPTIONS=''
SHARED_SET_SONAME=''
SHELL='/bin/sh'
ac_ct_CC=''
ac_ct_CXX=''
ac_ct_FC=''
bindir='${exec_prefix}/bin'
build='x86_64-pc-linux-gnu'
build_alias=''
build_cpu='x86_64'
build_os='linux-gnu'
build_vendor='pc'
datadir='${datarootdir}'
datarootdir='${prefix}/share'
docdir='${datarootdir}/doc/${PACKAGE_TARNAME}'
dvidir='${docdir}'
exec_prefix='${prefix}'
host='x86_64-pc-linux-gnu'
host_alias=''
host_cpu='x86_64'
host_os='linux-gnu'
host_vendor='pc'
htmldir='${docdir}'
includedir='${prefix}/include'
infodir='${datarootdir}/info'
libdir='${exec_prefix}/lib'
libexecdir='${exec_prefix}/libexec'
localedir='${datarootdir}/locale'
localstatedir='${prefix}/var'
mandir='${datarootdir}/man'
oldincludedir='/usr/include'
pdfdir='${docdir}'
prefix='/uufs/chpc.utah.edu/common/home/u0692013/pearc_tutorial/hypre-2.10.0b/src/hypre'
program_transform_name='s,x,x,'
psdir='${docdir}'
sbindir='${exec_prefix}/sbin'
sharedstatedir='${prefix}/com'
sysconfdir='${prefix}/etc'
target_alias=''

## ----------- ##
## confdefs.h. ##
## ----------- ##

/* confdefs.h */
#define PACKAGE_NAME "hypre"
#define PACKAGE_TARNAME "hypre"
#define PACKAGE_VERSION "2.11.2"
#define PACKAGE_STRING "hypre 2.11.2"
#define PACKAGE_BUGREPORT ""
#define PACKAGE_URL ""
#define HYPRE_RELEASE_NAME "hypre"
#define HYPRE_RELEASE_VERSION "2.11.2"
#define HYPRE_RELEASE_DATE "2017/03/13"
#define HYPRE_RELEASE_TIME "00:00:00"
#define HYPRE_RELEASE_BUGS "hypre-support@llnl.gov"
#define HYPRE_MAXDIM 3
#define HYPRE_FMANGLE 0
#define HYPRE_FMANGLE_BLAS 0
#define HYPRE_FMANGLE_LAPACK 0
#define HYPRE_HAVE_MPI 1
#define HAVE_MPI_COMM_F2C 1
#define HYPRE_HAVE_MPI_COMM_F2C 1
#define HYPRE_NO_GLOBAL_PARTITION 1
#define HYPRE_USING_HYPRE_BLAS 1
#define HYPRE_USING_HYPRE_LAPACK 1
#define HYPRE_LINUX 1

configure: exit 0
